<?xml version="1.0" encoding="UTF-8"?>
<!-- Generated by org.testng.reporters.JUnitXMLReporter -->
<testsuite hostname="DESKTOP-LMC7CMN" ignored="0" name="Default test" tests="6" failures="0" timestamp="2022-05-17T18:50:47 IST" time="0.307" errors="0">
  <testcase name="@BeforeTest setUp" time="-1.652793647666E9" classname="com.qa.opencart.base.BaseTest">
    <failure type="org.testng.TestNGException" message="
Parameter &amp;apos;browser&amp;apos; is required by BeforeTest on method setUp but has not been marked @Optional or defined
in C:\Users\User\AppData\Local\Temp\testng-eclipse-839544550\testng-customsuite.xml">
      <![CDATA[org.testng.TestNGException: 
Parameter 'browser' is required by BeforeTest on method setUp but has not been marked @Optional or defined
in C:\Users\User\AppData\Local\Temp\testng-eclipse-839544550\testng-customsuite.xml
at org.testng.internal.Parameters.createParams(Parameters.java:270)
at org.testng.internal.Parameters.createParametersForMethod(Parameters.java:358)
at org.testng.internal.Parameters.createParameters(Parameters.java:700)
at org.testng.internal.Parameters.createConfigurationParameters(Parameters.java:168)
at org.testng.internal.ConfigInvoker.invokeConfigurations(ConfigInvoker.java:302)
at org.testng.TestRunner.invokeTestConfigurations(TestRunner.java:637)
at org.testng.TestRunner.beforeRun(TestRunner.java:627)
at org.testng.TestRunner.run(TestRunner.java:589)
at org.testng.SuiteRunner.runTest(SuiteRunner.java:377)
at org.testng.SuiteRunner.runSequentially(SuiteRunner.java:371)
at org.testng.SuiteRunner.privateRun(SuiteRunner.java:332)
at org.testng.SuiteRunner.run(SuiteRunner.java:276)
at org.testng.SuiteRunnerWorker.runSuite(SuiteRunnerWorker.java:53)
at org.testng.SuiteRunnerWorker.run(SuiteRunnerWorker.java:96)
at org.testng.TestNG.runSuitesSequentially(TestNG.java:1212)
at org.testng.TestNG.runSuitesLocally(TestNG.java:1134)
at org.testng.TestNG.runSuites(TestNG.java:1063)
at org.testng.TestNG.run(TestNG.java:1031)
at org.testng.remote.AbstractRemoteTestNG.run(AbstractRemoteTestNG.java:115)
at org.testng.remote.RemoteTestNG.initAndRun(RemoteTestNG.java:251)
at org.testng.remote.RemoteTestNG.main(RemoteTestNG.java:77)
]]>
    </failure>
  </testcase> <!-- @BeforeTest setUp -->
  <testcase name="@BeforeClass AccSetUp" time="-1.652793647875E9" classname="com.qa.opencart.tests.AccountsPageTests">
    <skipped/>
  </testcase> <!-- @BeforeClass AccSetUp -->
  <testcase name="@AfterTest teardown" time="-1.652793647957E9" classname="com.qa.opencart.base.BaseTest">
    <skipped/>
  </testcase> <!-- @AfterTest teardown -->
  <testcase name="AccPageTitleTest" time="0.0" classname="com.qa.opencart.tests.AccountsPageTests">
    <skipped/>
  </testcase> <!-- AccPageTitleTest -->
  <testcase name="accPageHeaderTest" time="0.0" classname="com.qa.opencart.tests.AccountsPageTests">
    <skipped/>
  </testcase> <!-- accPageHeaderTest -->
  <testcase name="accPageSectionsCountTest" time="0.0" classname="com.qa.opencart.tests.AccountsPageTests">
    <skipped/>
  </testcase> <!-- accPageSectionsCountTest -->
  <testcase name="accpagesectionsTest" time="0.0" classname="com.qa.opencart.tests.AccountsPageTests">
    <skipped/>
  </testcase> <!-- accpagesectionsTest -->
  <testcase name="searchTest" time="0.0" classname="com.qa.opencart.tests.AccountsPageTests">
    <skipped/>
  </testcase> <!-- searchTest -->
  <testcase name="selectproducttest" time="0.0" classname="com.qa.opencart.tests.AccountsPageTests">
    <skipped/>
  </testcase> <!-- selectproducttest -->
</testsuite> <!-- Default test -->
